<?xml version="1.0" encoding="UTF-8"?>
<!-- Generated by org.testng.reporters.JUnitReportReporter -->
<testsuite skipped="0" hostname="WL308013" name="BusinessLayer.MT_Sanity_6" tests="1" failures="0" timestamp="24 Nov 2019 08:19:39 GMT" time="49.015" errors="0">
  <testcase name="MT_Sanity_006" time="49.015" classname="BusinessLayer.MT_Sanity_6"/>
</testsuite> <!-- BusinessLayer.MT_Sanity_6 -->
