<?xml version="1.0" encoding="UTF-8"?>
<!-- Generated by org.testng.reporters.JUnitReportReporter -->
<testsuite skipped="0" hostname="WL308013" name="BisinessLayer.MT_Sanity_6" tests="1" failures="0" timestamp="10 Nov 2019 13:21:34 GMT" time="41.887" errors="0">
  <testcase name="MT_Sanity_006" time="41.887" classname="BisinessLayer.MT_Sanity_6"/>
</testsuite> <!-- BisinessLayer.MT_Sanity_6 -->
