<?xml version="1.0" encoding="UTF-8"?>
<!-- Generated by org.testng.reporters.JUnitReportReporter -->
<testsuite skipped="0" hostname="WL308013" name="BusinessLayer.MT_Sanity_9" tests="1" failures="0" timestamp="25 Nov 2019 12:19:00 GMT" time="50.375" errors="0">
  <testcase name="MT_Sanity_009" time="50.375" classname="BusinessLayer.MT_Sanity_9"/>
</testsuite> <!-- BusinessLayer.MT_Sanity_9 -->
