<?xml version="1.0" encoding="UTF-8"?>
<!-- Generated by org.testng.reporters.JUnitReportReporter -->
<testsuite skipped="0" hostname="WL308013" name="BusinessLayer.MT_Sanity_3" tests="1" failures="0" timestamp="26 Nov 2019 13:49:27 GMT" time="30.597" errors="0">
  <testcase name="MT_Sanity_003" time="30.597" classname="BusinessLayer.MT_Sanity_3"/>
</testsuite> <!-- BusinessLayer.MT_Sanity_3 -->
