<?xml version="1.0" encoding="UTF-8"?>
<!-- Generated by org.testng.reporters.JUnitReportReporter -->
<testsuite skipped="0" hostname="WL308013" name="BusinessLayer.MT_Sanity_2" tests="1" failures="0" timestamp="26 Nov 2019 13:33:37 GMT" time="23.951" errors="0">
  <testcase name="MT_Sanity_002" time="23.951" classname="BusinessLayer.MT_Sanity_2"/>
</testsuite> <!-- BusinessLayer.MT_Sanity_2 -->
