<?xml version="1.0" encoding="UTF-8"?>
<!-- Generated by org.testng.reporters.JUnitReportReporter -->
<testsuite skipped="0" hostname="WL308013" name="BusinessLayer.MT_Sanity_10" tests="1" failures="0" timestamp="25 Nov 2019 08:15:33 GMT" time="53.156" errors="0">
  <testcase name="MT_Sanity_010" time="53.156" classname="BusinessLayer.MT_Sanity_10"/>
</testsuite> <!-- BusinessLayer.MT_Sanity_10 -->
