<?xml version="1.0" encoding="UTF-8"?>
<!-- Generated by org.testng.reporters.JUnitReportReporter -->
<testsuite skipped="0" hostname="WL308013" name="BusinessLayer.MT_Sanity_8" tests="1" failures="0" timestamp="2019-11-28T14:44:19 IST" time="48.393" errors="0">
  <testcase name="MT_Sanity_008" time="48.393" classname="BusinessLayer.MT_Sanity_8"/>
</testsuite> <!-- BusinessLayer.MT_Sanity_8 -->
