<?xml version="1.0" encoding="UTF-8"?>
<!-- Generated by org.testng.reporters.JUnitReportReporter -->
<testsuite skipped="0" hostname="WL308013" name="BusinessLayer.MT_Sanity_1" tests="1" failures="0" timestamp="11 Nov 2019 08:39:16 GMT" time="14.988" errors="0">
  <testcase name="MT_Sanity_001" time="14.988" classname="BusinessLayer.MT_Sanity_1"/>
</testsuite> <!-- BusinessLayer.MT_Sanity_1 -->
