<?xml version="1.0" encoding="UTF-8"?>
<!-- Generated by org.testng.reporters.JUnitReportReporter -->
<testsuite skipped="0" hostname="WL308013" name="BisinessLayer.MT_Sanity_2" tests="1" failures="0" timestamp="10 Nov 2019 13:21:34 GMT" time="40.273" errors="0">
  <testcase name="MT_Sanity_002" time="40.273" classname="BisinessLayer.MT_Sanity_2"/>
</testsuite> <!-- BisinessLayer.MT_Sanity_2 -->
