<?xml version="1.0" encoding="UTF-8"?>
<!-- Generated by org.testng.reporters.JUnitReportReporter -->
<testsuite skipped="0" hostname="WL308013" name="BisinessLayer.MT_Sanity_1" tests="1" failures="0" timestamp="07 Nov 2019 04:29:41 GMT" time="8.681" errors="0">
  <testcase name="MT_Sanity_001" time="8.681" classname="BisinessLayer.MT_Sanity_1"/>
</testsuite> <!-- BisinessLayer.MT_Sanity_1 -->
