<?xml version="1.0" encoding="UTF-8"?>
<!-- Generated by org.testng.reporters.JUnitReportReporter -->
<testsuite skipped="0" hostname="WL308013" name="BisinessLayer.MT_Sanity_3" tests="1" failures="0" timestamp="07 Nov 2019 04:29:41 GMT" time="29.920" errors="0">
  <testcase name="MT_Sanity_003" time="29.920" classname="BisinessLayer.MT_Sanity_3"/>
</testsuite> <!-- BisinessLayer.MT_Sanity_3 -->
