<?xml version="1.0" encoding="UTF-8"?>
<!-- Generated by org.testng.reporters.JUnitReportReporter -->
<testsuite skipped="0" hostname="WL308013" name="BisinessLayer.MT_Sanity_2" tests="1" failures="0" timestamp="07 Nov 2019 04:29:41 GMT" time="23.042" errors="0">
  <testcase name="MT_Sanity_002" time="23.042" classname="BisinessLayer.MT_Sanity_2"/>
</testsuite> <!-- BisinessLayer.MT_Sanity_2 -->
